<?xml version="1.0" encoding="UTF-8"?>
<testng-results ignored="0" total="1" passed="1" failed="0" skipped="0">
  <reporter-output>
  </reporter-output>
  <suite started-at="2023-09-14T23:28:04 IST" name="Default suite" finished-at="2023-09-14T23:28:11 IST" duration-ms="7009">
    <groups>
    </groups>
    <test started-at="2023-09-14T23:28:04 IST" name="Default test" finished-at="2023-09-14T23:28:11 IST" duration-ms="7009">
      <class name="testNG.GoogleTest">
        <test-method signature="testGoogleSearchBar()[pri:0, instance:testNG.GoogleTest@4d154ccd]" started-at="2023-09-14T23:28:04 IST" name="testGoogleSearchBar" finished-at="2023-09-14T23:28:11 IST" duration-ms="6982" status="PASS">
          <reporter-output>
          </reporter-output>
        </test-method> <!-- testGoogleSearchBar -->
      </class> <!-- testNG.GoogleTest -->
    </test> <!-- Default test -->
  </suite> <!-- Default suite -->
</testng-results>
